# JRE version: Java(TM) SE Runtime Environment 18.9 (11.0.7+8) (build 11.0.7+8-LTS)
# Java VM: Java HotSpot(TM) 64-Bit Server VM 18.9 (11.0.7+8-LTS, mixed mode, tiered, compressed oops, g1 gc, windows-amd64)
Heap:
 garbage-first heap   total 262144K, used 114513K [0x00000000e0000000, 0x0000000100000000)
  region size 1024K, 85 young (87040K), 7 survivors (7168K)
 Metaspace       used 41907K, capacity 43035K, committed 43264K, reserved 292864K
  class space    used 5394K, capacity 5806K, committed 5888K, reserved 253952K
GC Heap History (8 events):
Event: 5.841 GC heap before
{Heap before GC invocations=0 (full 0):
 garbage-first heap   total 262144K, used 29696K [0x00000000e0000000, 0x0000000100000000)
  region size 1024K, 24 young (24576K), 0 survivors (0K)
 Metaspace       used 10140K, capacity 10338K, committed 10624K, reserved 264192K
  class space    used 1054K, capacity 1106K, committed 1152K, reserved 253952K
}
Event: 5.848 GC heap after
{Heap after GC invocations=1 (full 0):
 garbage-first heap   total 262144K, used 9371K [0x00000000e0000000, 0x0000000100000000)
  region size 1024K, 3 young (3072K), 3 survivors (3072K)
 Metaspace       used 10140K, capacity 10338K, committed 10624K, reserved 264192K
  class space    used 1054K, capacity 1106K, committed 1152K, reserved 253952K
}
Event: 10.721 GC heap before
{Heap before GC invocations=1 (full 0):
 garbage-first heap   total 262144K, used 105627K [0x00000000e0000000, 0x0000000100000000)
  region size 1024K, 98 young (100352K), 3 survivors (3072K)
 Metaspace       used 20519K, capacity 21091K, committed 21248K, reserved 272384K
  class space    used 2497K, capacity 2698K, committed 2816K, reserved 253952K
}
Event: 10.731 GC heap after
{Heap after GC invocations=2 (full 0):
 garbage-first heap   total 262144K, used 17288K [0x00000000e0000000, 0x0000000100000000)
  region size 1024K, 11 young (11264K), 11 survivors (11264K)
 Metaspace       used 20519K, capacity 21091K, committed 21248K, reserved 272384K
  class space    used 2497K, capacity 2698K, committed 2816K, reserved 253952K
}
Event: 12.675 GC heap before
{Heap before GC invocations=3 (full 0):
 garbage-first heap   total 262144K, used 88968K [0x00000000e0000000, 0x0000000100000000)
  region size 1024K, 73 young (74752K), 11 survivors (11264K)
 Metaspace       used 26692K, capacity 27558K, committed 27648K, reserved 278528K
  class space    used 3510K, capacity 3798K, committed 3840K, reserved 253952K
}
Event: 12.687 GC heap after
{Heap after GC invocations=4 (full 0):
 garbage-first heap   total 262144K, used 31097K [0x00000000e0000000, 0x0000000100000000)
  region size 1024K, 5 young (5120K), 5 survivors (5120K)
 Metaspace       used 26692K, capacity 27558K, committed 27648K, reserved 278528K
  class space    used 3510K, capacity 3798K, committed 3840K, reserved 253952K
}
Event: 13.984 GC heap before
{Heap before GC invocations=4 (full 0):
 garbage-first heap   total 262144K, used 85369K [0x00000000e0000000, 0x0000000100000000)
  region size 1024K, 59 young (60416K), 5 survivors (5120K)
 Metaspace       used 34702K, capacity 35704K, committed 35840K, reserved 286720K
  class space    used 4552K, capacity 4918K, committed 4992K, reserved 253952K
}
Event: 13.995 GC heap after
{Heap after GC invocations=5 (full 0):
 garbage-first heap   total 262144K, used 33617K [0x00000000e0000000, 0x0000000100000000)
  region size 1024K, 7 young (7168K), 7 survivors (7168K)
 Metaspace       used 34702K, capacity 35704K, committed 35840K, reserved 286720K
  class space    used 4552K, capacity 4918K, committed 4992K, reserved 253952K
}

